app/build/outputs/apk/manifest-merger-debug-report.txt
-- Merging decision tree log ---
manifest
ADDED from AndroidManifest.xml:2:1
	xmlns:android
		ADDED from AndroidManifest.xml:2:11
	package
		ADDED from AndroidManifest.xml:3:7
		INJECTED from AndroidManifest.xml:0:0
		INJECTED from AndroidManifest.xml:0:0
	android:sharedUserLabel
		ADDED from AndroidManifest.xml:4:7
	android:versionName
		ADDED from AndroidManifest.xml:4:52
	android:versionCode
		ADDED from AndroidManifest.xml:4:78
		INJECTED from AndroidManifest.xml:0:0
		INJECTED from AndroidManifest.xml:0:0
uses-sdk
ADDED from AndroidManifest.xml:5:5
	android:targetSdkVersion
		INJECTED from AndroidManifest.xml:0:0
		INJECTED from AndroidManifest.xml:0:0
	android:minSdkVersion
		ADDED from AndroidManifest.xml:5:15
		INJECTED from AndroidManifest.xml:0:0
		INJECTED from AndroidManifest.xml:0:0
application
ADDED from AndroidManifest.xml:7:5
	android:label
		ADDED from AndroidManifest.xml:7:18
	android:icon
		ADDED from AndroidManifest.xml:7:51
activity#kyy.augm.com.AndroidUserGuideMain
ADDED from AndroidManifest.xml:8:9
	android:screenOrientation
		ADDED from AndroidManifest.xml:9:13
	android:label
		ADDED from AndroidManifest.xml:10:19
	android:theme
		ADDED from AndroidManifest.xml:11:19
	android:name
		ADDED from AndroidManifest.xml:8:19
intent-filter#android.intent.action.MAIN+android.intent.category.LAUNCHER
ADDED from AndroidManifest.xml:12:13
action#android.intent.action.MAIN
ADDED from AndroidManifest.xml:13:17
	android:name
		ADDED from AndroidManifest.xml:13:25
category#android.intent.category.LAUNCHER
ADDED from AndroidManifest.xml:14:17
	android:name
		ADDED from AndroidManifest.xml:14:27
activity#kyy.augm.com.SubMain
ADDED from AndroidManifest.xml:17:9
	android:screenOrientation
		ADDED from AndroidManifest.xml:19:9
	android:theme
		ADDED from AndroidManifest.xml:18:9
	android:name
		ADDED from AndroidManifest.xml:17:19
activity#kyy.augm.com.SubTabHost
ADDED from AndroidManifest.xml:20:3
	android:screenOrientation
		ADDED from AndroidManifest.xml:22:3
	android:theme
		ADDED from AndroidManifest.xml:21:3
	android:name
		ADDED from AndroidManifest.xml:20:13
activity#kyy.augm.com.Tab1
ADDED from AndroidManifest.xml:23:3
	android:screenOrientation
		ADDED from AndroidManifest.xml:25:3
	android:theme
		ADDED from AndroidManifest.xml:24:3
	android:name
		ADDED from AndroidManifest.xml:23:13
activity#kyy.augm.com.Tab2
ADDED from AndroidManifest.xml:26:3
	android:screenOrientation
		ADDED from AndroidManifest.xml:28:3
	android:theme
		ADDED from AndroidManifest.xml:27:3
	android:name
		ADDED from AndroidManifest.xml:26:13
activity#kyy.augm.com.Tab3
ADDED from AndroidManifest.xml:29:3
	android:screenOrientation
		ADDED from AndroidManifest.xml:31:3
	android:theme
		ADDED from AndroidManifest.xml:30:3
	android:name
		ADDED from AndroidManifest.xml:29:13
activity#kyy.augm.com.Tab4
ADDED from AndroidManifest.xml:32:3
	android:screenOrientation
		ADDED from AndroidManifest.xml:34:3
	android:theme
		ADDED from AndroidManifest.xml:33:3
	android:name
		ADDED from AndroidManifest.xml:32:13
activity#kyy.augm.com.Tab5
ADDED from AndroidManifest.xml:35:3
	android:screenOrientation
		ADDED from AndroidManifest.xml:37:3
	android:theme
		ADDED from AndroidManifest.xml:36:3
	android:name
		ADDED from AndroidManifest.xml:35:13
activity#kyy.augm.com.Tab6
ADDED from AndroidManifest.xml:38:3
	android:screenOrientation
		ADDED from AndroidManifest.xml:40:3
	android:theme
		ADDED from AndroidManifest.xml:39:3
	android:name
		ADDED from AndroidManifest.xml:38:13
activity#kyy.augm.com.Tab6Group
ADDED from AndroidManifest.xml:41:3
	android:screenOrientation
		ADDED from AndroidManifest.xml:43:3
	android:theme
		ADDED from AndroidManifest.xml:42:3
	android:name
		ADDED from AndroidManifest.xml:41:13
activity#kyy.augm.com.Tab6Sub_1
ADDED from AndroidManifest.xml:44:3
	android:screenOrientation
		ADDED from AndroidManifest.xml:46:3
	android:theme
		ADDED from AndroidManifest.xml:45:3
	android:name
		ADDED from AndroidManifest.xml:44:13
activity#kyy.augm.com.Tab6Sub_2
ADDED from AndroidManifest.xml:48:3
	android:screenOrientation
		ADDED from AndroidManifest.xml:50:3
	android:theme
		ADDED from AndroidManifest.xml:49:3
	android:name
		ADDED from AndroidManifest.xml:48:13
activity#kyy.augm.com.Tab6Sub_3
ADDED from AndroidManifest.xml:52:3
	android:screenOrientation
		ADDED from AndroidManifest.xml:54:3
	android:theme
		ADDED from AndroidManifest.xml:53:3
	android:name
		ADDED from AndroidManifest.xml:52:13
activity#kyy.augm.com.Tab6Sub_4
ADDED from AndroidManifest.xml:56:3
	android:screenOrientation
		ADDED from AndroidManifest.xml:58:3
	android:theme
		ADDED from AndroidManifest.xml:57:3
	android:name
		ADDED from AndroidManifest.xml:56:13
activity#kyy.augm.com.Tab6Sub_5
ADDED from AndroidManifest.xml:60:3
	android:screenOrientation
		ADDED from AndroidManifest.xml:62:3
	android:theme
		ADDED from AndroidManifest.xml:61:3
	android:name
		ADDED from AndroidManifest.xml:60:13
uses-permission#android.permission.INTERNET
ADDED from AndroidManifest.xml:66:5
	android:name
		ADDED from AndroidManifest.xml:66:22
uses-permission#android.permission.ACCESS_NETWORK_STATE
ADDED from AndroidManifest.xml:67:5
	android:name
		ADDED from AndroidManifest.xml:67:22